SpeechBrain system description
==============================
Python version:
3.10.4 | packaged by conda-forge | (main, Mar 24 2022, 17:39:04) [GCC 10.3.0]
==============================
Installed Python packages:
appdirs==1.4.4
-e git+ssh://git@github.com/UrbanResiliencyInitiative/lang-of-pol.git@5ae369672e9e5a41bde59371d5f9734afbf9b5e8#egg=asr_dataset&subdirectory=asr/data/asr_dataset
audioread==2.1.9
brotlipy==0.7.0
certifi==2021.5.30
cffi @ file:///home/conda/feedstock_root/build_artifacts/cffi_1636046050867/work
charset-normalizer @ file:///tmp/build/80754af9/charset-normalizer_1630003229654/work
click @ file:///tmp/build/80754af9/click_1646056706450/work
cryptography @ file:///home/builder/ci_310/cryptography_1640808721005/work
decorator==5.1.1
filelock @ file:///opt/conda/conda-bld/filelock_1647002191454/work
huggingface-hub==0.5.1
HyperPyYAML==1.0.1
idna @ file:///tmp/build/80754af9/idna_1637925883363/work
importlib-metadata @ file:///tmp/build/80754af9/importlib-metadata_1648562408262/work
joblib @ file:///tmp/build/80754af9/joblib_1635411271373/work
librosa==0.9.1
llvmlite==0.38.0
numba==0.55.1
numpy==1.21.6
packaging @ file:///tmp/build/80754af9/packaging_1637314298585/work
pandas==1.4.2
pooch==1.6.0
protobuf==3.17.2
pycparser @ file:///home/conda/feedstock_root/build_artifacts/pycparser_1636257122734/work
pyOpenSSL @ file:///opt/conda/conda-bld/pyopenssl_1643788558760/work
pyparsing @ file:///tmp/build/80754af9/pyparsing_1635766073266/work
PySocks @ file:///home/builder/ci_310/pysocks_1640793678128/work
python-dateutil==2.8.2
pytz==2022.1
PyYAML==6.0
regex @ file:///tmp/build/80754af9/regex_1648429580840/work
requests @ file:///opt/conda/conda-bld/requests_1641824580448/work
resampy==0.2.2
ruamel.yaml==0.17.21
ruamel.yaml.clib==0.2.6
sacremoses==0.0.43
scikit-learn==1.0.2
scipy==1.8.0
sentencepiece==0.1.96
six @ file:///tmp/build/80754af9/six_1644875935023/work
SoundFile @ file:///home/conda/feedstock_root/build_artifacts/pysoundfile_1607011569782/work
speechbrain==0.5.11
threadpoolctl==3.1.0
tokenizers @ file:///home/builder/ci_310/tokenizers_1640795233816/work
torch==1.11.0
torchaudio==0.11.0
tqdm @ file:///opt/conda/conda-bld/tqdm_1650891076910/work
transformers==4.11.3
typing_extensions @ file:///opt/conda/conda-bld/typing_extensions_1647553014482/work
urllib3 @ file:///opt/conda/conda-bld/urllib3_1650637206367/work
zipp @ file:///opt/conda/conda-bld/zipp_1641824620731/work
==============================
Git revision:
5ae3696
==============================
Cuda version:
10.2