SpeechBrain system description
==============================
Python version:
3.8.8 (default, Apr 13 2021, 19:58:26) 
[GCC 7.3.0]
==============================
Installed Python packages:
appdirs==1.4.4
-e git+git@github.com:UrbanResiliencyInitiative/lang-of-pol.git@165e215c4e292404be467af6a9b2e2f0beb02ce7#egg=asr_dataset&subdirectory=asr/data/asr_dataset
audioread==2.1.9
certifi==2021.10.8
cffi==1.15.0
charset-normalizer==2.0.12
click==8.0.4
decorator==5.1.1
filelock==3.6.0
huggingface-hub==0.4.0
HyperPyYAML==1.0.0
idna==3.3
joblib==1.1.0
librosa==0.9.1
llvmlite==0.38.0
numba==0.55.1
numpy==1.21.5
packaging==21.3
pandas==1.4.1
pooch==1.6.0
pycparser==2.21
pyparsing==3.0.7
python-dateutil==2.8.2
pytz==2021.3
PyYAML==6.0
regex==2022.1.18
requests==2.27.1
resampy==0.2.2
ruamel.yaml==0.17.21
ruamel.yaml.clib==0.2.6
sacremoses==0.0.47
scikit-learn==1.0.2
scipy==1.8.0
sentencepiece==0.1.96
six==1.16.0
SoundFile==0.10.3.post1
speechbrain==0.5.11
threadpoolctl==3.1.0
tokenizers==0.11.5
torch==1.10.2
torchaudio==0.10.2
tqdm==4.62.3
transformers==4.16.2
typing-extensions==4.1.1
urllib3==1.26.8
==============================
Git revision:
165e215
==============================
Cuda version:
10.2